INFO: 2019-04-25 09:14:44,839: perform_upgrade() 'Last run version was 0.6.7 or earlier, current version is 0.6.7'
INFO: 2019-04-25 09:14:44,839: process_command() 'Received command: []'
INFO: 2019-04-25 09:14:44,841: load_banned() 'Missing or invalid banned URLs list, no URLs will be banned'
WARNING: 2019-04-25 09:14:44,841: load_history() 'Could not load history file, continuing without it, no worries'
INFO: 2019-04-25 09:14:44,848: load() 'Jumble loading'
INFO: 2019-04-25 09:14:44,848: _walk_modules() 'Jumble loading module in __init__ from /usr/share/variety/plugins/__init__.py'
INFO: 2019-04-25 09:14:44,849: _walk_modules() 'Jumble loading module in __init__ from /usr/share/variety/plugins/quotes/__init__.py'
INFO: 2019-04-25 09:14:44,849: _walk_modules() 'Jumble loading module in LocalFilesSource from /usr/share/variety/plugins/quotes/LocalFilesSource.py'
INFO: 2019-04-25 09:14:44,849: load() 'Jumble found plugin class: <class 'LocalFilesSource.LocalFilesSource'>: {'author': 'Peter Levi', 'name': 'Local text files', 'version': '0.1', 'description': u'Displays quotes, defined in local text files.\nPut your own txt files in: ~/.config/variety/pluginconfig/quotes/.\nThe file format is:\n\nquote -- author\n.\nsecond quote -- another author\n.\netc...\n\nExample: http://rvelthuis.de/zips/quotes.txt'}'
INFO: 2019-04-25 09:14:44,849: _walk_modules() 'Jumble loading module in QuotesDaddySource from /usr/share/variety/plugins/quotes/QuotesDaddySource.py'
INFO: 2019-04-25 09:14:44,849: load() 'Jumble found plugin class: <class 'QuotesDaddySource.QuotesDaddySource'>: {'author': 'Peter Levi', 'name': 'QuotesDaddy', 'version': '0.1', 'description': u"Fetches quotes from QuotesDaddy's daily quotes RSS feed.\nDoes not support searching by tags or authors."}'
INFO: 2019-04-25 09:14:44,849: _walk_modules() 'Jumble loading module in GoodreadsSource from /usr/share/variety/plugins/quotes/GoodreadsSource.py'
INFO: 2019-04-25 09:14:44,853: load() 'Jumble found plugin class: <class 'GoodreadsSource.GoodreadsSource'>: {'author': 'Peter Levi', 'name': 'Goodreads', 'version': '0.1', 'description': u'Fetches quotes from Goodreads.com'}'
INFO: 2019-04-25 09:14:44,853: _walk_modules() 'Jumble loading module in QuotationsPageSource from /usr/share/variety/plugins/quotes/QuotationsPageSource.py'
INFO: 2019-04-25 09:14:44,853: load() 'Jumble found plugin class: <class 'QuotationsPageSource.QuotationsPageSource'>: {'author': 'Peter Levi', 'name': 'TheQuotationsPage.com', 'version': '0.1', 'description': u'Fetches quotes from TheQuotationsPage.com'}'
INFO: 2019-04-25 09:14:44,855: log_options() 'Loaded options:'
INFO: 2019-04-25 09:14:44,855: log_options() 'change_enabled = False'
INFO: 2019-04-25 09:14:44,855: log_options() 'change_interval = 300'
INFO: 2019-04-25 09:14:44,855: log_options() 'change_on_start = False'
INFO: 2019-04-25 09:14:44,855: log_options() 'clipboard_enabled = False'
INFO: 2019-04-25 09:14:44,855: log_options() 'clipboard_hosts = [u'alpha.wallhaven.cc', u'ns223506.ovh.net', u'wallpapers.net', u'flickr.com', u'imgur.com', u'deviantart.com', u'interfacelift.com', u'vladstudio.com']'
INFO: 2019-04-25 09:14:44,855: log_options() 'clipboard_use_whitelist = True'
INFO: 2019-04-25 09:14:44,856: log_options() 'clock_date_font = Ubuntu Condensed, 30'
INFO: 2019-04-25 09:14:44,856: log_options() 'clock_enabled = True'
INFO: 2019-04-25 09:14:44,856: log_options() 'clock_filter = -density 100 -font `fc-match -f '%{file[0]}' '%CLOCK_FONT_NAME'` -pointsize %CLOCK_FONT_SIZE -gravity SouthEast -fill '#00000044' -annotate 0x0+[%HOFFSET+58]+[%VOFFSET+108] '%H:%M' -fill white -annotate 0x0+[%HOFFSET+60]+[%VOFFSET+110] '%H:%M' -font `fc-match -f '%{file[0]}' '%DATE_FONT_NAME'` -pointsize %DATE_FONT_SIZE -fill '#00000044' -annotate 0x0+[%HOFFSET+58]+[%VOFFSET+58] '%A, %B %d' -fill white -annotate 0x0+[%HOFFSET+60]+[%VOFFSET+60] '%A, %B %d''
INFO: 2019-04-25 09:14:44,856: log_options() 'clock_font = Ubuntu Condensed, 70'
INFO: 2019-04-25 09:14:44,856: log_options() 'configfile = /home/bulat/.config/variety/variety.conf'
INFO: 2019-04-25 09:14:44,856: log_options() 'copyto_enabled = False'
INFO: 2019-04-25 09:14:44,856: log_options() 'copyto_folder = Default'
INFO: 2019-04-25 09:14:44,856: log_options() 'desired_color = [160, 160, 160]'
INFO: 2019-04-25 09:14:44,856: log_options() 'desired_color_enabled = False'
INFO: 2019-04-25 09:14:44,856: log_options() 'download_enabled = False'
INFO: 2019-04-25 09:14:44,856: log_options() 'download_folder = /home/bulat/.config/variety/Downloaded'
INFO: 2019-04-25 09:14:44,856: log_options() 'download_interval = 600'
INFO: 2019-04-25 09:14:44,856: log_options() 'facebook_message = '
INFO: 2019-04-25 09:14:44,856: log_options() 'facebook_show_dialog = True'
INFO: 2019-04-25 09:14:44,856: log_options() 'favorites_folder = /home/bulat/.config/variety/Favorites'
INFO: 2019-04-25 09:14:44,856: log_options() 'favorites_operations = [[u'Downloaded', u'Copy'], [u'Fetched', u'Move'], [u'Others', u'Copy']]'
INFO: 2019-04-25 09:14:44,856: log_options() 'fetched_folder = /home/bulat/.config/variety/Fetched'
INFO: 2019-04-25 09:14:44,856: log_options() 'filters = [[False, u'Keep original', u''], [False, u'Grayscale', u'-type Grayscale'], [False, u'Heavy blur', u'-blur 120x40'], [False, u'Oil painting', u'-paint 6'], [False, u'Charcoal painting', u'-charcoal 3'], [False, u'Pencil sketch', u'-colorspace gray \\( +clone -tile ~/.config/variety/pencil_tile.png -draw "color 0,0 reset" +clone +swap -compose color_dodge -composite \\) -fx \'u*.2+v*.8\''], [False, u'Pointilism', u'-spread 10 -noise 3'], [False, u'Pixellate', u'-scale 3% -scale 3333%']]'
INFO: 2019-04-25 09:14:44,856: log_options() 'icon = Light'
INFO: 2019-04-25 09:14:44,856: log_options() 'lightness_enabled = False'
INFO: 2019-04-25 09:14:44,856: log_options() 'lightness_mode = 0'
INFO: 2019-04-25 09:14:44,856: log_options() 'min_rating = 4'
INFO: 2019-04-25 09:14:44,856: log_options() 'min_rating_enabled = False'
INFO: 2019-04-25 09:14:44,856: log_options() 'min_size = 80'
INFO: 2019-04-25 09:14:44,856: log_options() 'min_size_enabled = False'
INFO: 2019-04-25 09:14:44,856: log_options() 'quota_enabled = True'
INFO: 2019-04-25 09:14:44,856: log_options() 'quota_size = 500'
INFO: 2019-04-25 09:14:44,856: log_options() 'quotes_authors = '
INFO: 2019-04-25 09:14:44,857: log_options() 'quotes_bg_color = [80, 80, 80]'
INFO: 2019-04-25 09:14:44,857: log_options() 'quotes_bg_opacity = 55'
INFO: 2019-04-25 09:14:44,857: log_options() 'quotes_change_enabled = False'
INFO: 2019-04-25 09:14:44,857: log_options() 'quotes_change_interval = 300'
INFO: 2019-04-25 09:14:44,857: log_options() 'quotes_disabled_sources = [u'']'
INFO: 2019-04-25 09:14:44,857: log_options() 'quotes_enabled = True'
INFO: 2019-04-25 09:14:44,857: log_options() 'quotes_favorites_file = /home/bulat/.config/variety/favorite_quotes.txt'
INFO: 2019-04-25 09:14:44,857: log_options() 'quotes_font = Bitstream Charter 30'
INFO: 2019-04-25 09:14:44,857: log_options() 'quotes_hpos = 100'
INFO: 2019-04-25 09:14:44,857: log_options() 'quotes_tags = '
INFO: 2019-04-25 09:14:44,857: log_options() 'quotes_text_color = [255, 255, 255]'
INFO: 2019-04-25 09:14:44,857: log_options() 'quotes_text_shadow = False'
INFO: 2019-04-25 09:14:44,857: log_options() 'quotes_vpos = 40'
INFO: 2019-04-25 09:14:44,857: log_options() 'quotes_width = 70'
INFO: 2019-04-25 09:14:44,857: log_options() 'safe_mode = False'
INFO: 2019-04-25 09:14:44,857: log_options() 'slideshow_custom_enabled = False'
INFO: 2019-04-25 09:14:44,857: log_options() 'slideshow_custom_folder = /home/bulat'
INFO: 2019-04-25 09:14:44,857: log_options() 'slideshow_downloads_enabled = False'
INFO: 2019-04-25 09:14:44,857: log_options() 'slideshow_fade = 0.4'
INFO: 2019-04-25 09:14:44,857: log_options() 'slideshow_favorites_enabled = True'
INFO: 2019-04-25 09:14:44,857: log_options() 'slideshow_mode = Fullscreen'
INFO: 2019-04-25 09:14:44,857: log_options() 'slideshow_monitor = All'
INFO: 2019-04-25 09:14:44,857: log_options() 'slideshow_pan = 0.05'
INFO: 2019-04-25 09:14:44,857: log_options() 'slideshow_seconds = 6.0'
INFO: 2019-04-25 09:14:44,857: log_options() 'slideshow_sort_order = Random'
INFO: 2019-04-25 09:14:44,857: log_options() 'slideshow_sources_enabled = True'
INFO: 2019-04-25 09:14:44,857: log_options() 'slideshow_zoom = 0.2'
INFO: 2019-04-25 09:14:44,857: log_options() 'smart_enabled = False'
INFO: 2019-04-25 09:14:44,857: log_options() 'smart_notice_shown = True'
INFO: 2019-04-25 09:14:44,857: log_options() 'smart_register_shown = False'
INFO: 2019-04-25 09:14:44,858: log_options() 'sources = [[False, 3, u'The Favorites folder'], [False, 4, u'The Fetched folder'], [False, 2, u'/usr/share/backgrounds/'], [False, 6, u'Random wallpapers from Desktoppr.co'], [False, 15, u'Bing Photo of the Day'], [False, 16, u'High-resolution photos from Unsplash.com'], [False, 8, u"NASA's Astronomy Picture of the Day"], [False, 11, u'World Sunlight Map - live wallpaper from Die.net'], [False, 19, u'Recommended by Variety. Adapts to your taste as you mark images as favorite or trash.'], [False, 20, u'Latest favorites by the other users of Variety. [May contain NSFW images]']]'
INFO: 2019-04-25 09:14:44,858: log_options() 'stats_enabled = True'
INFO: 2019-04-25 09:14:44,858: log_options() 'stats_notice_shown = True'
INFO: 2019-04-25 09:14:44,858: log_options() 'sync_enabled = True'
INFO: 2019-04-25 09:14:44,858: log_options() 'use_landscape_enabled = True'
INFO: 2019-04-25 09:14:44,858: reload_config() 'No need to clear prepared queue'
INFO: 2019-04-25 09:14:44,858: clock_thread_method() 'clock thread running'
INFO: 2019-04-25 09:14:44,858: start() 'Starting QuotesEngine'
INFO: 2019-04-25 09:14:44,858: load() 'Loading quotes file /usr/share/variety/plugins/quotes/quotes.txt'
INFO: 2019-04-25 09:14:44,871: prepare_thread() 'Quotes prepare thread running'
INFO: 2019-04-25 09:14:44,871: prepare_thread() 'Quotes prepared buffer contains 0 quotes, fetching a quote'
INFO: 2019-04-25 09:14:44,872: regular_change_thread() 'Quotes regular change thread running'
INFO: 2019-04-25 09:14:44,872: on_options_updated() 'Quotes: clearing prepared and updating plugins'
INFO: 2019-04-25 09:14:44,873: load_last_change_time() 'Change interval < 6 hours, ignore persisted last_change_time, wait initially the whole interval: 300'
INFO: 2019-04-25 09:14:44,873: update_indicator() 'Setting file info to: /usr/share/backgrounds/This_Is_Bionic_Beaver_by_Pierre_Cante.jpg'
INFO: 2019-04-25 09:14:44,874: regular_change_thread() 'regular_change thread running'
INFO: 2019-04-25 09:14:44,874: regular_change_thread() 'regular_change: waiting till user resumes'
INFO: 2019-04-25 09:14:44,874: prepare_thread() 'Prepare thread running'
INFO: 2019-04-25 09:14:44,874: prepare_thread() 'Prepared buffer contains 0 images'
INFO: 2019-04-25 09:14:44,874: prepare_thread() 'Preparing some images'
INFO: 2019-04-25 09:14:44,874: prepare_thread() 'After search prepared buffer contains 0 images'
INFO: 2019-04-25 09:14:44,875: update_indicator_icon() 'Creating indicator'
WARNING: 2019-04-25 09:14:44,912: create_menu() 'Variety Slideshow is not installed. This is an optional extension adding pan-and-zoom slideshows to Variety: see https://github.com/peterlevi/variety-slideshow for details'
INFO: 2019-04-25 09:14:44,923: set_from_theme_icon() 'Showing indicator icon variety-indicator from GTK theme'
INFO: 2019-04-25 09:14:44,924: update_indicator() 'Setting file info to: /usr/share/backgrounds/This_Is_Bionic_Beaver_by_Pierre_Cante.jpg'
INFO: 2019-04-25 09:14:44,974: do_set_wp() 'Calling do_set_wp with /usr/share/backgrounds/This_Is_Bionic_Beaver_by_Pierre_Cante.jpg, time: 1556172884.97'
INFO: 2019-04-25 09:14:44,980: compute_trimmed_offsets() 'Trimmed offsets debug info: w:1920, h:1080, ratio:1.777778, iw:3456, ih:2160, scw:1920, sch:1200, ho:0, vo:60'
INFO: 2019-04-25 09:14:44,982: build_imagemagick_clock_cmd() 'Applying clock filter: -density 100 -font `fc-match -f '%{file[0]}' 'Ubuntu Condensed:,:70'` -pointsize 70 -gravity SouthEast -fill '#00000044' -annotate 0x0+58+168 '09:14' -fill white -annotate 0x0+60+170 '09:14' -font `fc-match -f '%{file[0]}' 'Ubuntu Condensed:,:30'` -pointsize 30 -fill '#00000044' -annotate 0x0+58+118 'Четверг, апреля 25' -fill white -annotate 0x0+60+120 'Четверг, апреля 25''
INFO: 2019-04-25 09:14:44,982: build_imagemagick_clock_cmd() 'ImageMagick clock cmd: convert /usr/share/backgrounds/This_Is_Bionic_Beaver_by_Pierre_Cante.jpg -scale 1920x1080^ -density 100 -font `fc-match -f '%{file[0]}' 'Ubuntu Condensed:,:70'` -pointsize 70 -gravity SouthEast -fill '#00000044' -annotate 0x0+58+168 '09:14' -fill white -annotate 0x0+60+170 '09:14' -font `fc-match -f '%{file[0]}' 'Ubuntu Condensed:,:30'` -pointsize 30 -fill '#00000044' -annotate 0x0+58+118 'Четверг, апреля 25' -fill white -annotate 0x0+60+120 'Четверг, апреля 25' /home/bulat/.config/variety/wallpaper/wallpaper-clock-a8579362323bfc4e597949ac2e9b953d.jpg'
INFO: 2019-04-25 09:14:45,382: update_indicator() 'Setting file info to: /usr/share/backgrounds/This_Is_Bionic_Beaver_by_Pierre_Cante.jpg'
ERROR: 2019-04-25 09:14:45,451: set_desktop_wallpaper() 'Exception when calling set_wallpaper script: 127'
Traceback (most recent call last):
  File "/usr/lib/python2.7/dist-packages/variety/VarietyWindow.py", line 2532, in set_desktop_wallpaper
    subprocess.check_call(["timeout", "--kill-after=5", "10", script, wallpaper, auto, original_file])
  File "/usr/lib/python2.7/subprocess.py", line 190, in check_call
    raise CalledProcessError(retcode, cmd)
CalledProcessError: Command '['timeout', '--kill-after=5', '10', u'/home/bulat/.config/variety/scripts/set_wallpaper', u'/home/bulat/.config/variety/wallpaper/wallpaper-clock-a8579362323bfc4e597949ac2e9b953d.jpg', 'refresh', u'/usr/share/backgrounds/This_Is_Bionic_Beaver_by_Pierre_Cante.jpg']' returned non-zero exit status 127
INFO: 2019-04-25 09:14:45,860: clock_thread_method() 'clock_thread updates wallpaper'
INFO: 2019-04-25 09:14:45,975: do_set_wp() 'Calling do_set_wp with /usr/share/backgrounds/This_Is_Bionic_Beaver_by_Pierre_Cante.jpg, time: 1556172885.98'
INFO: 2019-04-25 09:14:45,976: compute_trimmed_offsets() 'Trimmed offsets debug info: w:1920, h:1080, ratio:1.777778, iw:3456, ih:2160, scw:1920, sch:1200, ho:0, vo:60'
INFO: 2019-04-25 09:14:45,976: build_imagemagick_clock_cmd() 'Applying clock filter: -density 100 -font `fc-match -f '%{file[0]}' 'Ubuntu Condensed:,:70'` -pointsize 70 -gravity SouthEast -fill '#00000044' -annotate 0x0+58+168 '09:14' -fill white -annotate 0x0+60+170 '09:14' -font `fc-match -f '%{file[0]}' 'Ubuntu Condensed:,:30'` -pointsize 30 -fill '#00000044' -annotate 0x0+58+118 'Четверг, апреля 25' -fill white -annotate 0x0+60+120 'Четверг, апреля 25''
INFO: 2019-04-25 09:14:45,976: build_imagemagick_clock_cmd() 'ImageMagick clock cmd: convert /usr/share/backgrounds/This_Is_Bionic_Beaver_by_Pierre_Cante.jpg -scale 1920x1080^ -density 100 -font `fc-match -f '%{file[0]}' 'Ubuntu Condensed:,:70'` -pointsize 70 -gravity SouthEast -fill '#00000044' -annotate 0x0+58+168 '09:14' -fill white -annotate 0x0+60+170 '09:14' -font `fc-match -f '%{file[0]}' 'Ubuntu Condensed:,:30'` -pointsize 30 -fill '#00000044' -annotate 0x0+58+118 'Четверг, апреля 25' -fill white -annotate 0x0+60+120 'Четверг, апреля 25' /home/bulat/.config/variety/wallpaper/wallpaper-clock-7673797e288a81e1f0918a4a0e9b058e.jpg'
INFO: 2019-04-25 09:14:46,116: reload() 'Reloading preferences dialog'
INFO: 2019-04-25 09:14:46,356: update_indicator() 'Setting file info to: /usr/share/backgrounds/This_Is_Bionic_Beaver_by_Pierre_Cante.jpg'
WARNING: 2019-04-25 09:14:46,413: get_random() 'Could not find quotes for URL https://www.quotesdaddy.com/feed'
ERROR: 2019-04-25 09:14:46,413: get_one_quote() 'Exception in quote plugin'
Traceback (most recent call last):
  File "/usr/lib/python2.7/dist-packages/variety/QuotesEngine.py", line 276, in get_one_quote
    for q in quotes:
TypeError: 'NoneType' object is not iterable
ERROR: 2019-04-25 09:14:46,421: set_desktop_wallpaper() 'Exception when calling set_wallpaper script: 127'
Traceback (most recent call last):
  File "/usr/lib/python2.7/dist-packages/variety/VarietyWindow.py", line 2532, in set_desktop_wallpaper
    subprocess.check_call(["timeout", "--kill-after=5", "10", script, wallpaper, auto, original_file])
  File "/usr/lib/python2.7/subprocess.py", line 190, in check_call
    raise CalledProcessError(retcode, cmd)
CalledProcessError: Command '['timeout', '--kill-after=5', '10', u'/home/bulat/.config/variety/scripts/set_wallpaper', u'/home/bulat/.config/variety/wallpaper/wallpaper-clock-7673797e288a81e1f0918a4a0e9b058e.jpg', 'manual', u'/usr/share/backgrounds/This_Is_Bionic_Beaver_by_Pierre_Cante.jpg']' returned non-zero exit status 127
INFO: 2019-04-25 09:14:46,976: do_set_wp() 'Calling do_set_wp with /usr/share/backgrounds/This_Is_Bionic_Beaver_by_Pierre_Cante.jpg, time: 1556172886.98'
INFO: 2019-04-25 09:14:47,370: compute_trimmed_offsets() 'Trimmed offsets debug info: w:1920, h:1080, ratio:1.777778, iw:1920, ih:1200, scw:1920, sch:1200, ho:0, vo:60'
INFO: 2019-04-25 09:14:47,407: compute_trimmed_offsets() 'Trimmed offsets debug info: w:1920, h:1080, ratio:1.777778, iw:1920, ih:1200, scw:1920, sch:1200, ho:0, vo:60'
INFO: 2019-04-25 09:14:47,407: build_imagemagick_clock_cmd() 'Applying clock filter: -density 100 -font `fc-match -f '%{file[0]}' 'Ubuntu Condensed:,:70'` -pointsize 70 -gravity SouthEast -fill '#00000044' -annotate 0x0+58+168 '09:14' -fill white -annotate 0x0+60+170 '09:14' -font `fc-match -f '%{file[0]}' 'Ubuntu Condensed:,:30'` -pointsize 30 -fill '#00000044' -annotate 0x0+58+118 'Четверг, апреля 25' -fill white -annotate 0x0+60+120 'Четверг, апреля 25''
INFO: 2019-04-25 09:14:47,407: build_imagemagick_clock_cmd() 'ImageMagick clock cmd: convert /home/bulat/.config/variety/wallpaper/wallpaper-quote-bbaa4a3a670a0e085da3c29d85dbf1d3.jpg -scale 1920x1080^ -density 100 -font `fc-match -f '%{file[0]}' 'Ubuntu Condensed:,:70'` -pointsize 70 -gravity SouthEast -fill '#00000044' -annotate 0x0+58+168 '09:14' -fill white -annotate 0x0+60+170 '09:14' -font `fc-match -f '%{file[0]}' 'Ubuntu Condensed:,:30'` -pointsize 30 -fill '#00000044' -annotate 0x0+58+118 'Четверг, апреля 25' -fill white -annotate 0x0+60+120 'Четверг, апреля 25' /home/bulat/.config/variety/wallpaper/wallpaper-clock-282f42bbf2d54f1c959fd2e4b01047b4.jpg'
INFO: 2019-04-25 09:14:47,528: update_indicator() 'Setting file info to: /usr/share/backgrounds/This_Is_Bionic_Beaver_by_Pierre_Cante.jpg'
ERROR: 2019-04-25 09:14:47,602: set_desktop_wallpaper() 'Exception when calling set_wallpaper script: 127'
Traceback (most recent call last):
  File "/usr/lib/python2.7/dist-packages/variety/VarietyWindow.py", line 2532, in set_desktop_wallpaper
    subprocess.check_call(["timeout", "--kill-after=5", "10", script, wallpaper, auto, original_file])
  File "/usr/lib/python2.7/subprocess.py", line 190, in check_call
    raise CalledProcessError(retcode, cmd)
CalledProcessError: Command '['timeout', '--kill-after=5', '10', u'/home/bulat/.config/variety/scripts/set_wallpaper', u'/home/bulat/.config/variety/wallpaper/wallpaper-clock-282f42bbf2d54f1c959fd2e4b01047b4.jpg', 'manual', u'/usr/share/backgrounds/This_Is_Bionic_Beaver_by_Pierre_Cante.jpg']' returned non-zero exit status 127
INFO: 2019-04-25 09:14:48,416: prepare_thread() 'Quotes prepared buffer contains 0 quotes, fetching a quote'
WARNING: 2019-04-25 09:14:49,578: get_random() 'Could not find quotes for URL https://www.quotesdaddy.com/feed'
ERROR: 2019-04-25 09:14:49,580: get_one_quote() 'Exception in quote plugin'
Traceback (most recent call last):
  File "/usr/lib/python2.7/dist-packages/variety/QuotesEngine.py", line 276, in get_one_quote
    for q in quotes:
TypeError: 'NoneType' object is not iterable
INFO: 2019-04-25 09:14:49,580: get_for_keyword() 'Fetching quotes from Goodreads for keyword=reality'
INFO: 2019-04-25 09:14:49,590: update_indicator() 'Setting file info to: /usr/share/backgrounds/This_Is_Bionic_Beaver_by_Pierre_Cante.jpg'
INFO: 2019-04-25 09:14:53,930: get_from_soup() 'Used Goodreads url https://www.goodreads.com/quotes/tag?utf8=%E2%9C%93&id=reality&page=38'
INFO: 2019-04-25 09:14:55,951: prepare_thread() 'Quotes prepared buffer contains 1 quotes, fetching a quote'
INFO: 2019-04-25 09:14:55,951: get_for_keyword() 'Fetching quotes from Goodreads for keyword=language'
INFO: 2019-04-25 09:15:00,879: clock_thread_method() 'clock_thread updates wallpaper'
INFO: 2019-04-25 09:15:00,880: do_set_wp() 'Calling do_set_wp with /usr/share/backgrounds/This_Is_Bionic_Beaver_by_Pierre_Cante.jpg, time: 1556172900.88'
INFO: 2019-04-25 09:15:01,264: compute_trimmed_offsets() 'Trimmed offsets debug info: w:1920, h:1080, ratio:1.777778, iw:1920, ih:1200, scw:1920, sch:1200, ho:0, vo:60'
INFO: 2019-04-25 09:15:01,291: compute_trimmed_offsets() 'Trimmed offsets debug info: w:1920, h:1080, ratio:1.777778, iw:1920, ih:1200, scw:1920, sch:1200, ho:0, vo:60'
INFO: 2019-04-25 09:15:01,292: build_imagemagick_clock_cmd() 'Applying clock filter: -density 100 -font `fc-match -f '%{file[0]}' 'Ubuntu Condensed:,:70'` -pointsize 70 -gravity SouthEast -fill '#00000044' -annotate 0x0+58+168 '09:15' -fill white -annotate 0x0+60+170 '09:15' -font `fc-match -f '%{file[0]}' 'Ubuntu Condensed:,:30'` -pointsize 30 -fill '#00000044' -annotate 0x0+58+118 'Четверг, апреля 25' -fill white -annotate 0x0+60+120 'Четверг, апреля 25''
INFO: 2019-04-25 09:15:01,292: build_imagemagick_clock_cmd() 'ImageMagick clock cmd: convert /home/bulat/.config/variety/wallpaper/wallpaper-quote-1092ec9eb42e4859338b53a9846af50c.jpg -scale 1920x1080^ -density 100 -font `fc-match -f '%{file[0]}' 'Ubuntu Condensed:,:70'` -pointsize 70 -gravity SouthEast -fill '#00000044' -annotate 0x0+58+168 '09:15' -fill white -annotate 0x0+60+170 '09:15' -font `fc-match -f '%{file[0]}' 'Ubuntu Condensed:,:30'` -pointsize 30 -fill '#00000044' -annotate 0x0+58+118 'Четверг, апреля 25' -fill white -annotate 0x0+60+120 'Четверг, апреля 25' /home/bulat/.config/variety/wallpaper/wallpaper-clock-9ebb6359a83873cce4d616aa80f2d1f3.jpg'
INFO: 2019-04-25 09:15:01,411: update_indicator() 'Setting file info to: /usr/share/backgrounds/This_Is_Bionic_Beaver_by_Pierre_Cante.jpg'
ERROR: 2019-04-25 09:15:01,486: set_desktop_wallpaper() 'Exception when calling set_wallpaper script: 127'
Traceback (most recent call last):
  File "/usr/lib/python2.7/dist-packages/variety/VarietyWindow.py", line 2532, in set_desktop_wallpaper
    subprocess.check_call(["timeout", "--kill-after=5", "10", script, wallpaper, auto, original_file])
  File "/usr/lib/python2.7/subprocess.py", line 190, in check_call
    raise CalledProcessError(retcode, cmd)
CalledProcessError: Command '['timeout', '--kill-after=5', '10', u'/home/bulat/.config/variety/scripts/set_wallpaper', u'/home/bulat/.config/variety/wallpaper/wallpaper-clock-9ebb6359a83873cce4d616aa80f2d1f3.jpg', 'manual', u'/usr/share/backgrounds/This_Is_Bionic_Beaver_by_Pierre_Cante.jpg']' returned non-zero exit status 127
INFO: 2019-04-25 09:15:02,106: get_from_soup() 'Used Goodreads url https://www.goodreads.com/quotes/tag?utf8=%E2%9C%93&id=language&page=24'
WARNING: 2019-04-25 09:15:02,126: get_one_quote() 'No quotes for '' for plugin Goodreads'
INFO: 2019-04-25 09:15:02,126: get_for_search_url() 'Fetching quotes from Goodreads for search url=http://www.quotationspage.com/random.php3'
INFO: 2019-04-25 09:15:02,887: get_for_search_url() 'Used QuotationsPage url http://www.quotationspage.com/random.php3'
WARNING: 2019-04-25 09:15:02,895: get_from_html() 'QuotationsPage: no quotes found at http://www.quotationspage.com/random.php3'
WARNING: 2019-04-25 09:15:02,895: get_one_quote() 'No quotes for '' for plugin TheQuotationsPage.com'
INFO: 2019-04-25 09:15:04,878: stats_report_config() 'Stats: Reporting config anonymously'
ERROR: 2019-04-25 09:15:04,884: reporting_thread_method() 'Stats: Could not report config'
Traceback (most recent call last):
  File "/usr/lib/python2.7/dist-packages/variety/VarietyWindow.py", line 999, in reporting_thread_method
    self.smart.stats_report_config()
  File "/usr/lib/python2.7/dist-packages/variety/Smart.py", line 851, in stats_report_config
    res = Util.fetch_json(Smart.API_URL + '/stats/%s/report-config' % statsid, data=data)
  File "/usr/lib/python2.7/dist-packages/variety/Util.py", line 529, in fetch_json
    return Util.request(url, data).json()
  File "/usr/lib/python2.7/dist-packages/variety/Util.py", line 506, in request
    verify=False)
  File "/usr/lib/python2.7/dist-packages/requests/api.py", line 58, in request
    return session.request(method=method, url=url, **kwargs)
  File "/usr/lib/python2.7/dist-packages/requests/sessions.py", line 520, in request
    resp = self.send(prep, **send_kwargs)
  File "/usr/lib/python2.7/dist-packages/requests/sessions.py", line 630, in send
    r = adapter.send(request, **kwargs)
  File "/usr/lib/python2.7/dist-packages/requests/adapters.py", line 508, in send
    raise ConnectionError(e, request=request)
ConnectionError: HTTPSConnectionPool(host='vrty.org', port=443): Max retries exceeded with url: /api/stats/z8gp9m9dc8/report-config (Caused by NewConnectionError('<urllib3.connection.VerifiedHTTPSConnection object at 0x7fbd5ea19a90>: Failed to establish a new connection: [Errno -2] Name or service not known',))
INFO: 2019-04-25 09:15:04,894: server_options_thread() 'Fetching server options from http://tiny.cc/variety-options-063'
INFO: 2019-04-25 09:15:04,898: prepare_thread() 'Quotes prepared buffer contains 2 quotes, fetching a quote'
INFO: 2019-04-25 09:15:04,898: get_for_search_url() 'Fetching quotes from Goodreads for search url=http://www.quotationspage.com/random.php3'
INFO: 2019-04-25 09:15:05,958: get_for_search_url() 'Used QuotationsPage url http://www.quotationspage.com/random.php3'
WARNING: 2019-04-25 09:15:05,967: get_from_html() 'QuotationsPage: no quotes found at http://www.quotationspage.com/random.php3'
WARNING: 2019-04-25 09:15:05,967: get_one_quote() 'No quotes for '' for plugin TheQuotationsPage.com'
WARNING: 2019-04-25 09:15:07,186: get_random() 'Could not find quotes for URL https://www.quotesdaddy.com/feed'
ERROR: 2019-04-25 09:15:07,186: get_one_quote() 'Exception in quote plugin'
Traceback (most recent call last):
  File "/usr/lib/python2.7/dist-packages/variety/QuotesEngine.py", line 276, in get_one_quote
    for q in quotes:
TypeError: 'NoneType' object is not iterable
INFO: 2019-04-25 09:15:07,186: get_for_keyword() 'Fetching quotes from Goodreads for keyword=politics'
INFO: 2019-04-25 09:15:08,109: server_options_thread() 'Fetched server options: {u'unsplash': {u'min_fill_queue_interval': 20000000000, u'min_download_interval': 20000000000}, u'unsplash_v2': {u'min_fill_queue_interval': 1800, u'min_download_interval': 600}, u'wallpapers.net': {u'min_fill_queue_interval': 600, u'min_download_interval': 0}, u'wallhaven': {u'min_fill_queue_interval': 1800, u'min_download_interval': 1800}, u'wallbase': {u'min_fill_queue_interval': 1800, u'min_download_interval': 1800}, u'flickr': {u'min_fill_queue_interval': 1200, u'min_download_interval': 1200}, u'status_message': {u'*': u'', u'0.0.1': u''}}'
INFO: 2019-04-25 09:15:12,141: get_from_soup() 'Used Goodreads url https://www.goodreads.com/quotes/tag?utf8=%E2%9C%93&id=politics&page=83'
INFO: 2019-04-25 09:15:14,163: prepare_thread() 'Quotes prepared buffer contains 3 quotes, fetching a quote'
WARNING: 2019-04-25 09:15:15,480: get_random() 'Could not find quotes for URL https://www.quotesdaddy.com/feed'
ERROR: 2019-04-25 09:15:15,480: get_one_quote() 'Exception in quote plugin'
Traceback (most recent call last):
  File "/usr/lib/python2.7/dist-packages/variety/QuotesEngine.py", line 276, in get_one_quote
    for q in quotes:
TypeError: 'NoneType' object is not iterable
INFO: 2019-04-25 09:15:17,483: prepare_thread() 'Quotes prepared buffer contains 4 quotes, fetching a quote'
WARNING: 2019-04-25 09:15:18,654: get_random() 'Could not find quotes for URL https://www.quotesdaddy.com/feed'
ERROR: 2019-04-25 09:15:18,655: get_one_quote() 'Exception in quote plugin'
Traceback (most recent call last):
  File "/usr/lib/python2.7/dist-packages/variety/QuotesEngine.py", line 276, in get_one_quote
    for q in quotes:
TypeError: 'NoneType' object is not iterable
INFO: 2019-04-25 09:15:18,655: get_for_search_url() 'Fetching quotes from Goodreads for search url=http://www.quotationspage.com/random.php3'
INFO: 2019-04-25 09:15:19,578: get_for_search_url() 'Used QuotationsPage url http://www.quotationspage.com/random.php3'
WARNING: 2019-04-25 09:15:19,583: get_from_html() 'QuotationsPage: no quotes found at http://www.quotationspage.com/random.php3'
WARNING: 2019-04-25 09:15:19,584: get_one_quote() 'No quotes for '' for plugin TheQuotationsPage.com'
INFO: 2019-04-25 09:15:20,317: check_quit() 'Terminating signal received, quitting...'
INFO: 2019-04-25 09:15:20,319: on_quit() 'Quitting'
INFO: 2019-04-25 09:15:20,342: do_set_wp() 'Calling do_set_wp with /usr/share/backgrounds/This_Is_Bionic_Beaver_by_Pierre_Cante.jpg, time: 1556172920.34'
INFO: 2019-04-25 09:15:20,354: update_indicator() 'Setting file info to: /usr/share/backgrounds/This_Is_Bionic_Beaver_by_Pierre_Cante.jpg'
ERROR: 2019-04-25 09:15:20,615: set_desktop_wallpaper() 'Exception when calling set_wallpaper script: 127'
Traceback (most recent call last):
  File "/usr/lib/python2.7/dist-packages/variety/VarietyWindow.py", line 2532, in set_desktop_wallpaper
    subprocess.check_call(["timeout", "--kill-after=5", "10", script, wallpaper, auto, original_file])
  File "/usr/lib/python2.7/subprocess.py", line 190, in check_call
    raise CalledProcessError(retcode, cmd)
CalledProcessError: Command '['timeout', '--kill-after=5', '10', u'/home/bulat/.config/variety/scripts/set_wallpaper', u'/usr/share/backgrounds/This_Is_Bionic_Beaver_by_Pierre_Cante.jpg', 'manual', u'/usr/share/backgrounds/This_Is_Bionic_Beaver_by_Pierre_Cante.jpg']' returned non-zero exit status 127
